parts:
- description: ''
  extraCredit: false
  maxPoints: 3
  messages: ['?']
  name: 1a
  points: '?'
- description: ''
  extraCredit: false
  maxPoints: 3
  messages: ['?']
  name: 1b
  points: '?'
- description: ''
  extraCredit: false
  maxPoints: 3
  messages: ['?']
  name: 2b
  points: '?'
- description: ''
  extraCredit: false
  maxPoints: 3
  messages: ['?']
  name: 2c
  points: '?'
- description: ''
  extraCredit: false
  maxPoints: 4
  messages: ['?']
  name: 4b
  points: '?'
- description: ''
  extraCredit: false
  maxPoints: 4
  messages: ['?']
  name: 4d
  points: '?'
